1: RESERVED_WORD void
1: ID funcA
1: SPECIAL_SYMBOL (
1: SPECIAL_SYMBOL )
1: SPECIAL_SYMBOL {
1: RESERVED_WORD int
1: ID a
1: SPECIAL_SYMBOL ,
1: RESERVED_WORD int
1: ID b
1: SPECIAL_SYMBOL ,
1: RESERVED_WORD int
1: ID c
1: SPECIAL_SYMBOL =
1: NUM 0
1: SPECIAL_SYMBOL ;
1: RESERVED_WORD int
1: ID name
1: SPECIAL_SYMBOL =
1: ID supersupersupersupersupersupersupersupersupersupersupersupersupersupersupersupersupersupersupersuper
1: SPECIAL_SYMBOL ;
1: SPECIAL_SYMBOL }
1: RESERVED_WORD int
1: ID main
1: SPECIAL_SYMBOL (
1: SPECIAL_SYMBOL )
1: SPECIAL_SYMBOL {
1: RESERVED_WORD return
1: NUM 0
1: SPECIAL_SYMBOL ;
1: SPECIAL_SYMBOL }
1: RESERVED_WORD void
1: ID funcA
1: SPECIAL_SYMBOL (
1: SPECIAL_SYMBOL )
1: SPECIAL_SYMBOL {
1: RESERVED_WORD int
1: ID a
1: SPECIAL_SYMBOL ,
1: RESERVED_WORD int
1: ID b
1: SPECIAL_SYMBOL ,
1: RESERVED_WORD int
1: ID c
1: SPECIAL_SYMBOL =
1: NUM 0
1: SPECIAL_SYMBOL ;
1: RESERVED_WORD int
1: ID name
1: SPECIAL_SYMBOL =
1: ID supersupersupersupersupersupersupersupersupersupersupersupersupersupersupersupersupersupersupersuper
1: SPECIAL_SYMBOL ;
1: SPECIAL_SYMBOL }
1: RESERVED_WORD int
1: ID main
1: SPECIAL_SYMBOL (
1: SPECIAL_SYMBOL )
1: SPECIAL_SYMBOL {
1: RESERVED_WORD return
1: NUM 0
1: SPECIAL_SYMBOL ;
1: SPECIAL_SYMBOL }
1: RESERVED_WORD void
1: ID funcA
1: SPECIAL_SYMBOL (
1: SPECIAL_SYMBOL )
1: SPECIAL_SYMBOL {
1: RESERVED_WORD int
1: ID a
1: SPECIAL_SYMBOL ,
1: RESERVED_WORD int
1: ID b
1: SPECIAL_SYMBOL ,
1: RESERVED_WORD int
1: ID c
1: SPECIAL_SYMBOL =
1: NUM 0
1: SPECIAL_SYMBOL ;
1: RESERVED_WORD int
1: ID name
1: SPECIAL_SYMBOL =
1: ID supersupersupersupersupersupersupersupersupersupersupersupersupersupersupersupersupersupersupersuper
1: SPECIAL_SYMBOL ;
1: SPECIAL_SYMBOL }
1: RESERVED_WORD int
1: ID main
1: SPECIAL_SYMBOL (
1: SPECIAL_SYMBOL )
1: SPECIAL_SYMBOL {
1: RESERVED_WORD return
1: NUM 0
1: SPECIAL_SYMBOL ;
1: SPECIAL_SYMBOL }
1: RESERVED_WORD void
1: ID funcA
1: SPECIAL_SYMBOL (
1: SPECIAL_SYMBOL )
1: SPECIAL_SYMBOL {
1: RESERVED_WORD int
1: ID a
1: SPECIAL_SYMBOL ,
1: RESERVED_WORD int
1: ID b
1: SPECIAL_SYMBOL ,
1: RESERVED_WORD int
1: ID c
1: SPECIAL_SYMBOL =
1: NUM 0
1: SPECIAL_SYMBOL ;
1: RESERVED_WORD int
1: ID name
1: SPECIAL_SYMBOL =
1: ID supersupersupersupersupersupersupersupersupersupersupersupersupersupersupersupersupersupersupersuper
1: SPECIAL_SYMBOL ;
1: SPECIAL_SYMBOL }
1: RESERVED_WORD int
1: ID main
1: SPECIAL_SYMBOL (
1: SPECIAL_SYMBOL )
1: SPECIAL_SYMBOL {
1: RESERVED_WORD return
1: NUM 0
1: SPECIAL_SYMBOL ;
1: SPECIAL_SYMBOL }
1: RESERVED_WORD void
1: ID funcA
1: SPECIAL_SYMBOL (
1: SPECIAL_SYMBOL )
1: SPECIAL_SYMBOL {
1: RESERVED_WORD int
1: ID a
1: SPECIAL_SYMBOL ,
1: RESERVED_WORD int
1: ID b
1: SPECIAL_SYMBOL ,
1: RESERVED_WORD int
1: ID c
1: SPECIAL_SYMBOL =
1: NUM 0
1: SPECIAL_SYMBOL ;
1: RESERVED_WORD int
1: ID name
1: SPECIAL_SYMBOL =
1: ID supersupersupersupersupersupersupersupersupersupersupersupersupersupersupersupersupersupersupersuper
1: SPECIAL_SYMBOL ;
1: SPECIAL_SYMBOL }
1: RESERVED_WORD int
1: ID main
1: SPECIAL_SYMBOL (
1: SPECIAL_SYMBOL )
1: SPECIAL_SYMBOL {
1: RESERVED_WORD return
1: NUM 0
1: SPECIAL_SYMBOL ;
1: SPECIAL_SYMBOL }
1: RESERVED_WORD void
1: ID funcA
1: SPECIAL_SYMBOL (
1: SPECIAL_SYMBOL )
1: SPECIAL_SYMBOL {
1: RESERVED_WORD int
1: ID a
1: SPECIAL_SYMBOL ,
1: RESERVED_WORD int
1: ID b
1: SPECIAL_SYMBOL ,
1: RESERVED_WORD int
1: ID c
1: SPECIAL_SYMBOL =
1: NUM 0
1: SPECIAL_SYMBOL ;
1: RESERVED_WORD int
1: ID name
1: SPECIAL_SYMBOL =
1: ID supersupersupersupersupersupersupersupersupersupersupersupersupersupersupersupersupersupersupersuper
1: SPECIAL_SYMBOL ;
1: SPECIAL_SYMBOL }
1: RESERVED_WORD int
1: ID main
1: SPECIAL_SYMBOL (
1: SPECIAL_SYMBOL )
1: SPECIAL_SYMBOL {
1: RESERVED_WORD return
1: NUM 0
1: SPECIAL_SYMBOL ;
1: SPECIAL_SYMBOL }
1: RESERVED_WORD void
1: ID funcA
1: SPECIAL_SYMBOL (
1: SPECIAL_SYMBOL )
1: SPECIAL_SYMBOL {
1: RESERVED_WORD int
1: ID a
1: SPECIAL_SYMBOL ,
1: RESERVED_WORD int
1: ID b
1: SPECIAL_SYMBOL ,
1: RESERVED_WORD int
1: ID c
1: SPECIAL_SYMBOL =
1: NUM 0
1: SPECIAL_SYMBOL ;
1: RESERVED_WORD int
1: ID name
1: SPECIAL_SYMBOL =
1: ID supersupersupersupersupersupersupersupersupersupersupersupersupersupersupersupersupersupersupersuper
1: SPECIAL_SYMBOL ;
1: SPECIAL_SYMBOL }
1: RESERVED_WORD int
1: ID main
1: SPECIAL_SYMBOL (
1: SPECIAL_SYMBOL )
1: SPECIAL_SYMBOL {
1: RESERVED_WORD return
1: NUM 0
1: SPECIAL_SYMBOL ;
1: SPECIAL_SYMBOL }
1: RESERVED_WORD void
1: ID funcA
1: SPECIAL_SYMBOL (
1: SPECIAL_SYMBOL )
1: SPECIAL_SYMBOL {
1: RESERVED_WORD int
1: ID a
1: SPECIAL_SYMBOL ,
1: RESERVED_WORD int
1: ID b
1: SPECIAL_SYMBOL ,
1: RESERVED_WORD int
1: ID c
1: SPECIAL_SYMBOL =
1: NUM 0
1: SPECIAL_SYMBOL ;
1: RESERVED_WORD int
1: ID name
1: SPECIAL_SYMBOL =
1: ID supersupersupersupersupersupersupersupersupersupersupersupersupersupersupersupersupersupersupersuper
1: SPECIAL_SYMBOL ;
1: SPECIAL_SYMBOL }
1: RESERVED_WORD int
1: ID main
1: SPECIAL_SYMBOL (
1: SPECIAL_SYMBOL )
1: SPECIAL_SYMBOL {
1: RESERVED_WORD return
1: NUM 0
1: SPECIAL_SYMBOL ;
1: SPECIAL_SYMBOL }
1: RESERVED_WORD void
1: ID funcA
1: SPECIAL_SYMBOL (
1: SPECIAL_SYMBOL )
1: SPECIAL_SYMBOL {
1: RESERVED_WORD int
1: ID a
1: SPECIAL_SYMBOL ,
1: RESERVED_WORD int
1: ID b
1: SPECIAL_SYMBOL ,
1: RESERVED_WORD int
1: ID c
1: SPECIAL_SYMBOL =
1: NUM 0
1: SPECIAL_SYMBOL ;
1: RESERVED_WORD int
1: ID name
1: SPECIAL_SYMBOL =
1: ID supersupersupersupersupersupersupersupersupersupersupersupersupersupersupersupersupersupersupersuper
1: SPECIAL_SYMBOL ;
1: SPECIAL_SYMBOL }
1: RESERVED_WORD int
1: ID main
1: SPECIAL_SYMBOL (
1: SPECIAL_SYMBOL )
1: SPECIAL_SYMBOL {
1: RESERVED_WORD return
1: NUM 0
1: SPECIAL_SYMBOL ;
1: SPECIAL_SYMBOL }
1: RESERVED_WORD void
1: ID funcA
1: SPECIAL_SYMBOL (
1: SPECIAL_SYMBOL )
1: SPECIAL_SYMBOL {
1: RESERVED_WORD int
1: ID a
1: SPECIAL_SYMBOL ,
1: RESERVED_WORD int
1: ID b
1: SPECIAL_SYMBOL ,
1: RESERVED_WORD int
1: ID c
1: SPECIAL_SYMBOL =
1: NUM 0
1: SPECIAL_SYMBOL ;
1: RESERVED_WORD int
1: ID name
1: SPECIAL_SYMBOL =
1: ID supersupersupersupersupersupersupersupersupersupersupersupersupersupersupersupersupersupersupersuper
1: SPECIAL_SYMBOL ;
1: SPECIAL_SYMBOL }
1: RESERVED_WORD int
1: ID main
1: SPECIAL_SYMBOL (
1: SPECIAL_SYMBOL )
1: SPECIAL_SYMBOL {
1: RESERVED_WORD return
1: NUM 0
1: SPECIAL_SYMBOL ;
1: SPECIAL_SYMBOL }
1: RESERVED_WORD void
1: ID funcA
1: SPECIAL_SYMBOL (
1: SPECIAL_SYMBOL )
1: SPECIAL_SYMBOL {
1: RESERVED_WORD int
1: ID a
1: SPECIAL_SYMBOL ,
1: RESERVED_WORD int
1: ID b
1: SPECIAL_SYMBOL ,
1: RESERVED_WORD int
1: ID c
1: SPECIAL_SYMBOL =
1: NUM 0
1: SPECIAL_SYMBOL ;
1: RESERVED_WORD int
1: ID name
1: SPECIAL_SYMBOL =
1: ID supersupersupersupersupersupersupersupersupersupersupersupersupersupersupersupersupersupersupersuper
1: SPECIAL_SYMBOL ;
1: SPECIAL_SYMBOL }
1: RESERVED_WORD int
1: ID main
1: SPECIAL_SYMBOL (
1: SPECIAL_SYMBOL )
1: SPECIAL_SYMBOL {
1: RESERVED_WORD return
1: NUM 0
1: SPECIAL_SYMBOL ;
