3: RESERVED_WORD void
3: ID main
3: SPECIAL_SYMBOL (
3: RESERVED_WORD void
3: SPECIAL_SYMBOL )
4: SPECIAL_SYMBOL {
5: RESERVED_WORD int
5: ID x
5: SPECIAL_SYMBOL ;
5: RESERVED_WORD int
5: ID y
5: SPECIAL_SYMBOL ;
6: SPECIAL_SYMBOL /
6: SPECIAL_SYMBOL /
6: ID get
6: ID input
7: ID x
7: SPECIAL_SYMBOL =
7: ID input
7: SPECIAL_SYMBOL (
7: SPECIAL_SYMBOL )
7: SPECIAL_SYMBOL ;
8: SPECIAL_SYMBOL /
8: SPECIAL_SYMBOL /
8: ID another
8: ID comment
9: ID y
9: SPECIAL_SYMBOL =
9: ID intput
9: SPECIAL_SYMBOL (
9: SPECIAL_SYMBOL )
9: SPECIAL_SYMBOL ;
10: ID output
10: SPECIAL_SYMBOL (
10: ID gcd
10: SPECIAL_SYMBOL (
10: ID x
10: SPECIAL_SYMBOL ,
10: ID y
10: SPECIAL_SYMBOL )
10: SPECIAL_SYMBOL )
10: SPECIAL_SYMBOL ;
11: SPECIAL_SYMBOL }
